This is pdfTeX, Version 3.1415926-2.5-1.40.14 (TeX Live 2013/Debian) (format=pdflatex 2014.10.12)  13 OCT 2014 23:42
entering extended mode
 restricted \write18 enabled.
 %&-line parsing enabled.
**ModernAI__Report_on_Individual_Assignment.tex
(./ModernAI__Report_on_Individual_Assignment.tex
LaTeX2e <2011/06/27>
Babel <3.9h> and hyphenation patterns for 4 languages loaded.
(./IEEEtran.cls
Document Class: IEEEtran 2002/08/13 revision V1.6 by Michael Shell
-- See the "IEEEtran_HOWTO" manual for usage information.
-- The source comments contain changelog notes.
\@IEEEtrantmpdimenA=\dimen102
\@IEEEtrantmpdimenB=\dimen103
\@IEEEtrantmpcountA=\count79
\@IEEEtrantmpcountB=\count80
\@IEEEtrantmptoksA=\toks14
LaTeX Font Info:    Try loading font information for OT1+ptm on input line 692.

(/usr/share/texlive/texmf-dist/tex/latex/psnfss/ot1ptm.fd
File: ot1ptm.fd 2001/06/04 font definitions for OT1/ptm.
)
-- This is a 10 point document.
\normalsizebaselineskip=\skip41
\normaljot=\skip42
LaTeX Font Info:    Font shape `OT1/ptm/bx/n' in size <5> not available
(Font)              Font shape `OT1/ptm/b/n' tried instead on input line 990.
LaTeX Font Info:    Font shape `OT1/ptm/bx/it' in size <5> not available
(Font)              Font shape `OT1/ptm/b/it' tried instead on input line 990.
LaTeX Font Info:    Font shape `OT1/ptm/bx/n' in size <7> not available
(Font)              Font shape `OT1/ptm/b/n' tried instead on input line 990.
LaTeX Font Info:    Font shape `OT1/ptm/bx/it' in size <7> not available
(Font)              Font shape `OT1/ptm/b/it' tried instead on input line 990.
LaTeX Font Info:    Font shape `OT1/ptm/bx/n' in size <8> not available
(Font)              Font shape `OT1/ptm/b/n' tried instead on input line 990.
LaTeX Font Info:    Font shape `OT1/ptm/bx/it' in size <8> not available
(Font)              Font shape `OT1/ptm/b/it' tried instead on input line 990.
LaTeX Font Info:    Font shape `OT1/ptm/bx/n' in size <9> not available
(Font)              Font shape `OT1/ptm/b/n' tried instead on input line 990.
LaTeX Font Info:    Font shape `OT1/ptm/bx/it' in size <9> not available
(Font)              Font shape `OT1/ptm/b/it' tried instead on input line 990.
LaTeX Font Info:    Font shape `OT1/ptm/bx/n' in size <10> not available
(Font)              Font shape `OT1/ptm/b/n' tried instead on input line 990.
LaTeX Font Info:    Font shape `OT1/ptm/bx/it' in size <10> not available
(Font)              Font shape `OT1/ptm/b/it' tried instead on input line 990.
LaTeX Font Info:    Font shape `OT1/ptm/bx/n' in size <11> not available
(Font)              Font shape `OT1/ptm/b/n' tried instead on input line 990.
LaTeX Font Info:    Font shape `OT1/ptm/bx/it' in size <11> not available
(Font)              Font shape `OT1/ptm/b/it' tried instead on input line 990.
LaTeX Font Info:    Font shape `OT1/ptm/bx/n' in size <12> not available
(Font)              Font shape `OT1/ptm/b/n' tried instead on input line 990.
LaTeX Font Info:    Font shape `OT1/ptm/bx/it' in size <12> not available
(Font)              Font shape `OT1/ptm/b/it' tried instead on input line 990.
LaTeX Font Info:    Font shape `OT1/ptm/bx/n' in size <17> not available
(Font)              Font shape `OT1/ptm/b/n' tried instead on input line 990.
LaTeX Font Info:    Font shape `OT1/ptm/bx/it' in size <17> not available
(Font)              Font shape `OT1/ptm/b/it' tried instead on input line 990.
LaTeX Font Info:    Font shape `OT1/ptm/bx/n' in size <20> not available
(Font)              Font shape `OT1/ptm/b/n' tried instead on input line 990.
LaTeX Font Info:    Font shape `OT1/ptm/bx/it' in size <20> not available
(Font)              Font shape `OT1/ptm/b/it' tried instead on input line 990.
LaTeX Font Info:    Font shape `OT1/ptm/bx/n' in size <24> not available
(Font)              Font shape `OT1/ptm/b/n' tried instead on input line 990.
LaTeX Font Info:    Font shape `OT1/ptm/bx/it' in size <24> not available
(Font)              Font shape `OT1/ptm/b/it' tried instead on input line 990.
\IEEEilabelindentA=\dimen104
\IEEEilabelindentB=\dimen105
\IEEEilabelindent=\dimen106
\IEEEelabelindent=\dimen107
\IEEEdlabelindent=\dimen108
\labelindent=\dimen109
\IEEEiednormlabelsep=\dimen110
\IEEEiedmathlabelsep=\dimen111
\IEEEiedtopsep=\skip43
\c@section=\count81
\c@subsection=\count82
\c@subsubsection=\count83
\c@paragraph=\count84
\c@IEEEsubequation=\count85
\abovecaptionskip=\skip44
\belowcaptionskip=\skip45
\c@figure=\count86
\c@table=\count87
\@IEEEeqnnumcols=\count88
\@IEEEeqncolcnt=\count89
\@IEEEtmpitemindent=\dimen112
\c@biography=\count90
\@IEEEtranrubishbin=\box26
) (/usr/share/texlive/texmf-dist/tex/latex/graphics/graphicx.sty
Package: graphicx 1999/02/16 v1.0f Enhanced LaTeX Graphics (DPC,SPQR)

(/usr/share/texlive/texmf-dist/tex/latex/graphics/keyval.sty
Package: keyval 1999/03/16 v1.13 key=value parser (DPC)
\KV@toks@=\toks15
)
(/usr/share/texlive/texmf-dist/tex/latex/graphics/graphics.sty
Package: graphics 2009/02/05 v1.0o Standard LaTeX Graphics (DPC,SPQR)

(/usr/share/texlive/texmf-dist/tex/latex/graphics/trig.sty
Package: trig 1999/03/16 v1.09 sin cos tan (DPC)
)
(/usr/share/texlive/texmf-dist/tex/latex/latexconfig/graphics.cfg
File: graphics.cfg 2010/04/23 v1.9 graphics configuration of TeX Live
)
Package graphics Info: Driver file: pdftex.def on input line 91.

(/usr/share/texlive/texmf-dist/tex/latex/pdftex-def/pdftex.def
File: pdftex.def 2011/05/27 v0.06d Graphics/color for pdfTeX

(/usr/share/texlive/texmf-dist/tex/generic/oberdiek/infwarerr.sty
Package: infwarerr 2010/04/08 v1.3 Providing info/warning/error messages (HO)
)
(/usr/share/texlive/texmf-dist/tex/generic/oberdiek/ltxcmds.sty
Package: ltxcmds 2011/11/09 v1.22 LaTeX kernel commands for general use (HO)
)
\Gread@gobject=\count91
))
\Gin@req@height=\dimen113
\Gin@req@width=\dimen114
)
(/usr/share/texlive/texmf-dist/tex/latex/psnfss/times.sty
Package: times 2005/04/12 PSNFSS-v9.2a (SPQR) 
)
(/usr/share/texlive/texmf-dist/tex/latex/amsmath/amsmath.sty
Package: amsmath 2013/01/14 v2.14 AMS math features
\@mathmargin=\skip46

For additional information on amsmath, use the `?' option.
(/usr/share/texlive/texmf-dist/tex/latex/amsmath/amstext.sty
Package: amstext 2000/06/29 v2.01

(/usr/share/texlive/texmf-dist/tex/latex/amsmath/amsgen.sty
File: amsgen.sty 1999/11/30 v2.0
\@emptytoks=\toks16
\ex@=\dimen115
))
(/usr/share/texlive/texmf-dist/tex/latex/amsmath/amsbsy.sty
Package: amsbsy 1999/11/29 v1.2d
\pmbraise@=\dimen116
)
(/usr/share/texlive/texmf-dist/tex/latex/amsmath/amsopn.sty
Package: amsopn 1999/12/14 v2.01 operator names
)
\inf@bad=\count92
LaTeX Info: Redefining \frac on input line 210.
\uproot@=\count93
\leftroot@=\count94
LaTeX Info: Redefining \overline on input line 306.
\classnum@=\count95
\DOTSCASE@=\count96
LaTeX Info: Redefining \ldots on input line 378.
LaTeX Info: Redefining \dots on input line 381.
LaTeX Info: Redefining \cdots on input line 466.
\Mathstrutbox@=\box27
\strutbox@=\box28
\big@size=\dimen117
LaTeX Font Info:    Redeclaring font encoding OML on input line 566.
LaTeX Font Info:    Redeclaring font encoding OMS on input line 567.
\macc@depth=\count97
\c@MaxMatrixCols=\count98
\dotsspace@=\muskip10
\c@parentequation=\count99
\dspbrk@lvl=\count100
\tag@help=\toks17
\row@=\count101
\column@=\count102
\maxfields@=\count103
\andhelp@=\toks18
\eqnshift@=\dimen118
\alignsep@=\dimen119
\tagshift@=\dimen120
\tagwidth@=\dimen121
\totwidth@=\dimen122
\lineht@=\dimen123
\@envbody=\toks19
\multlinegap=\skip47
\multlinetaggap=\skip48
\mathdisplay@stack=\toks20
LaTeX Info: Redefining \[ on input line 2665.
LaTeX Info: Redefining \] on input line 2666.
)
(/usr/share/texlive/texmf-dist/tex/latex/base/inputenc.sty
Package: inputenc 2008/03/30 v1.1d Input encoding file
\inpenc@prehook=\toks21
\inpenc@posthook=\toks22

(/usr/share/texlive/texmf-dist/tex/latex/base/utf8.def
File: utf8.def 2008/04/05 v1.1m UTF-8 support for inputenc
Now handling font encoding OML ...
... no UTF-8 mapping file for font encoding OML
Now handling font encoding T1 ...
... processing UTF-8 mapping file for font encoding T1

(/usr/share/texlive/texmf-dist/tex/latex/base/t1enc.dfu
File: t1enc.dfu 2008/04/05 v1.1m UTF-8 support for inputenc
   defining Unicode char U+00A1 (decimal 161)
   defining Unicode char U+00A3 (decimal 163)
   defining Unicode char U+00AB (decimal 171)
   defining Unicode char U+00BB (decimal 187)
   defining Unicode char U+00BF (decimal 191)
   defining Unicode char U+00C0 (decimal 192)
   defining Unicode char U+00C1 (decimal 193)
   defining Unicode char U+00C2 (decimal 194)
   defining Unicode char U+00C3 (decimal 195)
   defining Unicode char U+00C4 (decimal 196)
   defining Unicode char U+00C5 (decimal 197)
   defining Unicode char U+00C6 (decimal 198)
   defining Unicode char U+00C7 (decimal 199)
   defining Unicode char U+00C8 (decimal 200)
   defining Unicode char U+00C9 (decimal 201)
   defining Unicode char U+00CA (decimal 202)
   defining Unicode char U+00CB (decimal 203)
   defining Unicode char U+00CC (decimal 204)
   defining Unicode char U+00CD (decimal 205)
   defining Unicode char U+00CE (decimal 206)
   defining Unicode char U+00CF (decimal 207)
   defining Unicode char U+00D0 (decimal 208)
   defining Unicode char U+00D1 (decimal 209)
   defining Unicode char U+00D2 (decimal 210)
   defining Unicode char U+00D3 (decimal 211)
   defining Unicode char U+00D4 (decimal 212)
   defining Unicode char U+00D5 (decimal 213)
   defining Unicode char U+00D6 (decimal 214)
   defining Unicode char U+00D8 (decimal 216)
   defining Unicode char U+00D9 (decimal 217)
   defining Unicode char U+00DA (decimal 218)
   defining Unicode char U+00DB (decimal 219)
   defining Unicode char U+00DC (decimal 220)
   defining Unicode char U+00DD (decimal 221)
   defining Unicode char U+00DE (decimal 222)
   defining Unicode char U+00DF (decimal 223)
   defining Unicode char U+00E0 (decimal 224)
   defining Unicode char U+00E1 (decimal 225)
   defining Unicode char U+00E2 (decimal 226)
   defining Unicode char U+00E3 (decimal 227)
   defining Unicode char U+00E4 (decimal 228)
   defining Unicode char U+00E5 (decimal 229)
   defining Unicode char U+00E6 (decimal 230)
   defining Unicode char U+00E7 (decimal 231)
   defining Unicode char U+00E8 (decimal 232)
   defining Unicode char U+00E9 (decimal 233)
   defining Unicode char U+00EA (decimal 234)
   defining Unicode char U+00EB (decimal 235)
   defining Unicode char U+00EC (decimal 236)
   defining Unicode char U+00ED (decimal 237)
   defining Unicode char U+00EE (decimal 238)
   defining Unicode char U+00EF (decimal 239)
   defining Unicode char U+00F0 (decimal 240)
   defining Unicode char U+00F1 (decimal 241)
   defining Unicode char U+00F2 (decimal 242)
   defining Unicode char U+00F3 (decimal 243)
   defining Unicode char U+00F4 (decimal 244)
   defining Unicode char U+00F5 (decimal 245)
   defining Unicode char U+00F6 (decimal 246)
   defining Unicode char U+00F8 (decimal 248)
   defining Unicode char U+00F9 (decimal 249)
   defining Unicode char U+00FA (decimal 250)
   defining Unicode char U+00FB (decimal 251)
   defining Unicode char U+00FC (decimal 252)
   defining Unicode char U+00FD (decimal 253)
   defining Unicode char U+00FE (decimal 254)
   defining Unicode char U+00FF (decimal 255)
   defining Unicode char U+0102 (decimal 258)
   defining Unicode char U+0103 (decimal 259)
   defining Unicode char U+0104 (decimal 260)
   defining Unicode char U+0105 (decimal 261)
   defining Unicode char U+0106 (decimal 262)
   defining Unicode char U+0107 (decimal 263)
   defining Unicode char U+010C (decimal 268)
   defining Unicode char U+010D (decimal 269)
   defining Unicode char U+010E (decimal 270)
   defining Unicode char U+010F (decimal 271)
   defining Unicode char U+0110 (decimal 272)
   defining Unicode char U+0111 (decimal 273)
   defining Unicode char U+0118 (decimal 280)
   defining Unicode char U+0119 (decimal 281)
   defining Unicode char U+011A (decimal 282)
   defining Unicode char U+011B (decimal 283)
   defining Unicode char U+011E (decimal 286)
   defining Unicode char U+011F (decimal 287)
   defining Unicode char U+0130 (decimal 304)
   defining Unicode char U+0131 (decimal 305)
   defining Unicode char U+0132 (decimal 306)
   defining Unicode char U+0133 (decimal 307)
   defining Unicode char U+0139 (decimal 313)
   defining Unicode char U+013A (decimal 314)
   defining Unicode char U+013D (decimal 317)
   defining Unicode char U+013E (decimal 318)
   defining Unicode char U+0141 (decimal 321)
   defining Unicode char U+0142 (decimal 322)
   defining Unicode char U+0143 (decimal 323)
   defining Unicode char U+0144 (decimal 324)
   defining Unicode char U+0147 (decimal 327)
   defining Unicode char U+0148 (decimal 328)
   defining Unicode char U+014A (decimal 330)
   defining Unicode char U+014B (decimal 331)
   defining Unicode char U+0150 (decimal 336)
   defining Unicode char U+0151 (decimal 337)
   defining Unicode char U+0152 (decimal 338)
   defining Unicode char U+0153 (decimal 339)
   defining Unicode char U+0154 (decimal 340)
   defining Unicode char U+0155 (decimal 341)
   defining Unicode char U+0158 (decimal 344)
   defining Unicode char U+0159 (decimal 345)
   defining Unicode char U+015A (decimal 346)
   defining Unicode char U+015B (decimal 347)
   defining Unicode char U+015E (decimal 350)
   defining Unicode char U+015F (decimal 351)
   defining Unicode char U+0160 (decimal 352)
   defining Unicode char U+0161 (decimal 353)
   defining Unicode char U+0162 (decimal 354)
   defining Unicode char U+0163 (decimal 355)
   defining Unicode char U+0164 (decimal 356)
   defining Unicode char U+0165 (decimal 357)
   defining Unicode char U+016E (decimal 366)
   defining Unicode char U+016F (decimal 367)
   defining Unicode char U+0170 (decimal 368)
   defining Unicode char U+0171 (decimal 369)
   defining Unicode char U+0178 (decimal 376)
   defining Unicode char U+0179 (decimal 377)
   defining Unicode char U+017A (decimal 378)
   defining Unicode char U+017B (decimal 379)
   defining Unicode char U+017C (decimal 380)
   defining Unicode char U+017D (decimal 381)
   defining Unicode char U+017E (decimal 382)
   defining Unicode char U+200C (decimal 8204)
   defining Unicode char U+2013 (decimal 8211)
   defining Unicode char U+2014 (decimal 8212)
   defining Unicode char U+2018 (decimal 8216)
   defining Unicode char U+2019 (decimal 8217)
   defining Unicode char U+201A (decimal 8218)
   defining Unicode char U+201C (decimal 8220)
   defining Unicode char U+201D (decimal 8221)
   defining Unicode char U+201E (decimal 8222)
   defining Unicode char U+2030 (decimal 8240)
   defining Unicode char U+2031 (decimal 8241)
   defining Unicode char U+2039 (decimal 8249)
   defining Unicode char U+203A (decimal 8250)
   defining Unicode char U+2423 (decimal 9251)
)
Now handling font encoding OT1 ...
... processing UTF-8 mapping file for font encoding OT1

(/usr/share/texlive/texmf-dist/tex/latex/base/ot1enc.dfu
File: ot1enc.dfu 2008/04/05 v1.1m UTF-8 support for inputenc
   defining Unicode char U+00A1 (decimal 161)
   defining Unicode char U+00A3 (decimal 163)
   defining Unicode char U+00B8 (decimal 184)
   defining Unicode char U+00BF (decimal 191)
   defining Unicode char U+00C5 (decimal 197)
   defining Unicode char U+00C6 (decimal 198)
   defining Unicode char U+00D8 (decimal 216)
   defining Unicode char U+00DF (decimal 223)
   defining Unicode char U+00E6 (decimal 230)
   defining Unicode char U+00EC (decimal 236)
   defining Unicode char U+00ED (decimal 237)
   defining Unicode char U+00EE (decimal 238)
   defining Unicode char U+00EF (decimal 239)
   defining Unicode char U+00F8 (decimal 248)
   defining Unicode char U+0131 (decimal 305)
   defining Unicode char U+0141 (decimal 321)
   defining Unicode char U+0142 (decimal 322)
   defining Unicode char U+0152 (decimal 338)
   defining Unicode char U+0153 (decimal 339)
   defining Unicode char U+2013 (decimal 8211)
   defining Unicode char U+2014 (decimal 8212)
   defining Unicode char U+2018 (decimal 8216)
   defining Unicode char U+2019 (decimal 8217)
   defining Unicode char U+201C (decimal 8220)
   defining Unicode char U+201D (decimal 8221)
)
Now handling font encoding OMS ...
... processing UTF-8 mapping file for font encoding OMS

(/usr/share/texlive/texmf-dist/tex/latex/base/omsenc.dfu
File: omsenc.dfu 2008/04/05 v1.1m UTF-8 support for inputenc
   defining Unicode char U+00A7 (decimal 167)
   defining Unicode char U+00B6 (decimal 182)
   defining Unicode char U+00B7 (decimal 183)
   defining Unicode char U+2020 (decimal 8224)
   defining Unicode char U+2021 (decimal 8225)
   defining Unicode char U+2022 (decimal 8226)
)
Now handling font encoding OMX ...
... no UTF-8 mapping file for font encoding OMX
Now handling font encoding U ...
... no UTF-8 mapping file for font encoding U
   defining Unicode char U+00A9 (decimal 169)
   defining Unicode char U+00AA (decimal 170)
   defining Unicode char U+00AE (decimal 174)
   defining Unicode char U+00BA (decimal 186)
   defining Unicode char U+02C6 (decimal 710)
   defining Unicode char U+02DC (decimal 732)
   defining Unicode char U+200C (decimal 8204)
   defining Unicode char U+2026 (decimal 8230)
   defining Unicode char U+2122 (decimal 8482)
   defining Unicode char U+2423 (decimal 9251)
))
(/usr/share/texlive/texmf-dist/tex/latex/base/fontenc.sty
Package: fontenc 2005/09/27 v1.99g Standard LaTeX package

(/usr/share/texlive/texmf-dist/tex/latex/base/t1enc.def
File: t1enc.def 2005/09/27 v1.99g Standard LaTeX file
LaTeX Font Info:    Redeclaring font encoding T1 on input line 43.
)
LaTeX Font Info:    Try loading font information for T1+ptm on input line 100.

(/usr/share/texlive/texmf-dist/tex/latex/psnfss/t1ptm.fd
File: t1ptm.fd 2001/06/04 font definitions for T1/ptm.
))
** ATTENTION: Overriding command lockouts (line 29).
(./ModernAI__Report_on_Individual_Assignment.aux)
\openout1 = `ModernAI__Report_on_Individual_Assignment.aux'.

LaTeX Font Info:    Checking defaults for OML/cmm/m/it on input line 38.
LaTeX Font Info:    ... okay on input line 38.
LaTeX Font Info:    Checking defaults for T1/cmr/m/n on input line 38.
LaTeX Font Info:    ... okay on input line 38.
LaTeX Font Info:    Checking defaults for OT1/cmr/m/n on input line 38.
LaTeX Font Info:    ... okay on input line 38.
LaTeX Font Info:    Checking defaults for OMS/cmsy/m/n on input line 38.
LaTeX Font Info:    ... okay on input line 38.
LaTeX Font Info:    Checking defaults for OMX/cmex/m/n on input line 38.
LaTeX Font Info:    ... okay on input line 38.
LaTeX Font Info:    Checking defaults for U/cmr/m/n on input line 38.
LaTeX Font Info:    ... okay on input line 38.
LaTeX Font Info:    Font shape `T1/ptm/bx/n' in size <5> not available
(Font)              Font shape `T1/ptm/b/n' tried instead on input line 38.
LaTeX Font Info:    Font shape `T1/ptm/bx/it' in size <5> not available
(Font)              Font shape `T1/ptm/b/it' tried instead on input line 38.
LaTeX Font Info:    Font shape `T1/ptm/bx/n' in size <7> not available
(Font)              Font shape `T1/ptm/b/n' tried instead on input line 38.
LaTeX Font Info:    Font shape `T1/ptm/bx/it' in size <7> not available
(Font)              Font shape `T1/ptm/b/it' tried instead on input line 38.
LaTeX Font Info:    Font shape `T1/ptm/bx/n' in size <8> not available
(Font)              Font shape `T1/ptm/b/n' tried instead on input line 38.
LaTeX Font Info:    Font shape `T1/ptm/bx/it' in size <8> not available
(Font)              Font shape `T1/ptm/b/it' tried instead on input line 38.
LaTeX Font Info:    Font shape `T1/ptm/bx/n' in size <9> not available
(Font)              Font shape `T1/ptm/b/n' tried instead on input line 38.
LaTeX Font Info:    Font shape `T1/ptm/bx/it' in size <9> not available
(Font)              Font shape `T1/ptm/b/it' tried instead on input line 38.
LaTeX Font Info:    Font shape `T1/ptm/bx/n' in size <10> not available
(Font)              Font shape `T1/ptm/b/n' tried instead on input line 38.
LaTeX Font Info:    Font shape `T1/ptm/bx/it' in size <10> not available
(Font)              Font shape `T1/ptm/b/it' tried instead on input line 38.
LaTeX Font Info:    Font shape `T1/ptm/bx/n' in size <11> not available
(Font)              Font shape `T1/ptm/b/n' tried instead on input line 38.
LaTeX Font Info:    Font shape `T1/ptm/bx/it' in size <11> not available
(Font)              Font shape `T1/ptm/b/it' tried instead on input line 38.
LaTeX Font Info:    Font shape `T1/ptm/bx/n' in size <12> not available
(Font)              Font shape `T1/ptm/b/n' tried instead on input line 38.
LaTeX Font Info:    Font shape `T1/ptm/bx/it' in size <12> not available
(Font)              Font shape `T1/ptm/b/it' tried instead on input line 38.
LaTeX Font Info:    Font shape `T1/ptm/bx/n' in size <17> not available
(Font)              Font shape `T1/ptm/b/n' tried instead on input line 38.
LaTeX Font Info:    Font shape `T1/ptm/bx/it' in size <17> not available
(Font)              Font shape `T1/ptm/b/it' tried instead on input line 38.
LaTeX Font Info:    Font shape `T1/ptm/bx/n' in size <20> not available
(Font)              Font shape `T1/ptm/b/n' tried instead on input line 38.
LaTeX Font Info:    Font shape `T1/ptm/bx/it' in size <20> not available
(Font)              Font shape `T1/ptm/b/it' tried instead on input line 38.
LaTeX Font Info:    Font shape `T1/ptm/bx/n' in size <24> not available
(Font)              Font shape `T1/ptm/b/n' tried instead on input line 38.
LaTeX Font Info:    Font shape `T1/ptm/bx/it' in size <24> not available
(Font)              Font shape `T1/ptm/b/it' tried instead on input line 38.

(/usr/share/texlive/texmf-dist/tex/context/base/supp-pdf.mkii
[Loading MPS to PDF converter (version 2006.09.02).]
\scratchcounter=\count104
\scratchdimen=\dimen124
\scratchbox=\box29
\nofMPsegments=\count105
\nofMParguments=\count106
\everyMPshowfont=\toks23
\MPscratchCnt=\count107
\MPscratchDim=\dimen125
\MPnumerator=\count108
\makeMPintoPDFobject=\count109
\everyMPtoPDFconversion=\toks24
) (/usr/share/texlive/texmf-dist/tex/generic/oberdiek/pdftexcmds.sty
Package: pdftexcmds 2011/11/29 v0.20 Utility functions of pdfTeX for LuaTeX (HO
)

(/usr/share/texlive/texmf-dist/tex/generic/oberdiek/ifluatex.sty
Package: ifluatex 2010/03/01 v1.3 Provides the ifluatex switch (HO)
Package ifluatex Info: LuaTeX not detected.
)
(/usr/share/texlive/texmf-dist/tex/generic/oberdiek/ifpdf.sty
Package: ifpdf 2011/01/30 v2.3 Provides the ifpdf switch (HO)
Package ifpdf Info: pdfTeX in PDF mode is detected.
)
Package pdftexcmds Info: LuaTeX not detected.
Package pdftexcmds Info: \pdf@primitive is available.
Package pdftexcmds Info: \pdf@ifprimitive is available.
Package pdftexcmds Info: \pdfdraftmode found.
)
(/usr/share/texlive/texmf-dist/tex/latex/oberdiek/epstopdf-base.sty
Package: epstopdf-base 2010/02/09 v2.5 Base part for package epstopdf

(/usr/share/texlive/texmf-dist/tex/latex/oberdiek/grfext.sty
Package: grfext 2010/08/19 v1.1 Manage graphics extensions (HO)

(/usr/share/texlive/texmf-dist/tex/generic/oberdiek/kvdefinekeys.sty
Package: kvdefinekeys 2011/04/07 v1.3 Define keys (HO)
))
(/usr/share/texlive/texmf-dist/tex/latex/oberdiek/kvoptions.sty
Package: kvoptions 2011/06/30 v3.11 Key value format for package options (HO)

(/usr/share/texlive/texmf-dist/tex/generic/oberdiek/kvsetkeys.sty
Package: kvsetkeys 2012/04/25 v1.16 Key value parser (HO)

(/usr/share/texlive/texmf-dist/tex/generic/oberdiek/etexcmds.sty
Package: etexcmds 2011/02/16 v1.5 Avoid name clashes with e-TeX commands (HO)
Package etexcmds Info: Could not find \expanded.
(etexcmds)             That can mean that you are not using pdfTeX 1.50 or
(etexcmds)             that some package has redefined \expanded.
(etexcmds)             In the latter case, load this package earlier.
)))
Package grfext Info: Graphics extension search list:
(grfext)             [.png,.pdf,.jpg,.mps,.jpeg,.jbig2,.jb2,.PNG,.PDF,.JPG,.JPE
G,.JBIG2,.JB2,.eps]
(grfext)             \AppendGraphicsExtensions on input line 452.

(/usr/share/texlive/texmf-dist/tex/latex/latexconfig/epstopdf-sys.cfg
File: epstopdf-sys.cfg 2010/07/13 v1.3 Configuration of (r)epstopdf for TeX Liv
e
))
LaTeX Font Info:    Try loading font information for T1+pcr on input line 49.

(/usr/share/texlive/texmf-dist/tex/latex/psnfss/t1pcr.fd
File: t1pcr.fd 2001/06/04 font definitions for T1/pcr.
)
Underfull \hbox (badness 5359) in paragraph at lines 67--69
[]\T1/ptm/m/n/10 A Be-haviour Tree frame-work was im-ple-mented -
 []


Underfull \hbox (badness 1533) in paragraph at lines 67--69
\T1/pcr/m/n/10 bjrr.pacman.behaviourtree.ai.* \T1/ptm/m/n/10 - and a tree
 []


Underfull \hbox (badness 5008) in paragraph at lines 73--74
\T1/ptm/m/n/10 A con-troller con-struct-ing this tree can be seen in
 []

<BehaviourTreeSketch.png, id=1, 779.7933pt x 344.7279pt>
File: BehaviourTreeSketch.png Graphic file (type png)

<use BehaviourTreeSketch.png>
Package pdftex.def Info: BehaviourTreeSketch.png used on input line 76.
(pdftex.def)             Requested size: 246.11633pt x 108.80026pt.

Underfull \hbox (badness 1968) in paragraph at lines 83--85
[]\T1/ptm/m/n/10 Within the tasks of this con-structed be-haviour tree
 []


Underfull \hbox (badness 10000) in paragraph at lines 83--85
\T1/ptm/m/n/10 are three at-tributes gov-ern-ing tac-ti-cal de-ci-sions by
 []


Underfull \hbox (badness 6268) in paragraph at lines 83--85
\T1/ptm/m/n/10 the Ms Pac-Man agent. Those at-tributes are stored
 []


Underfull \hbox (badness 10000) in paragraph at lines 83--85
\T1/ptm/m/n/10 in a cen-tral-ized mem-ory - a black board class
 []


Overfull \hbox (5.88367pt too wide) in paragraph at lines 83--85
\T1/pcr/m/n/10 bjrr.pacman.behaviourtree.PacManBlackboard
 []


Underfull \hbox (badness 2626) in paragraph at lines 83--85
\T1/ptm/m/n/10 - ac-ces-si-ble by all tasks of the tree. The at-tributes
 []


Underfull \hbox (badness 10000) in paragraph at lines 83--85
\T1/ptm/m/n/10 are used in the tasks \T1/pcr/m/n/10 IsGhostTooClose \T1/ptm/m/n
/10 and
 []


Underfull \hbox (badness 10000) in paragraph at lines 86--87
[]\T1/pcr/m/n/10 MAX_POWER_PILL_DISTANCE \T1/ptm/m/n/10 in
 []


Underfull \hbox (badness 10000) in paragraph at lines 86--87
\T1/pcr/m/n/10 GoAfterClosestAvailablePill \T1/ptm/m/n/10 used to
 []


Underfull \hbox (badness 10000) in paragraph at lines 87--88
[]\T1/pcr/m/n/10 POWER_PILL_WALK_AWAY_DISTANCE \T1/ptm/m/n/10 also in
 []


Underfull \hbox (badness 1997) in paragraph at lines 87--88
\T1/pcr/m/n/10 GoAfterClosestAvailablePill \T1/ptm/m/n/10 declar-ing for
 []


Underfull \hbox (badness 10000) in paragraph at lines 92--93
[]\T1/ptm/m/n/10 A Ge-netic Al-go-rithm was used to ob-
 []


Underfull \hbox (badness 10000) in paragraph at lines 92--93
\T1/ptm/m/n/10 tain op-ti-mal val-ues for those at-tributes -
 []


Underfull \hbox (badness 10000) in paragraph at lines 92--93
\T1/pcr/m/n/10 bjrr.pacman.ga.PacManGeneticAlgorithm
 []


Underfull \hbox (badness 1577) in paragraph at lines 92--93
\T1/ptm/m/n/10 - evolv-ing them in suc-ces-sive gen-er-a-tions of genes -
 []


Overfull \hbox (2.38367pt too wide) in paragraph at lines 92--93
\T1/pcr/m/n/10 bjrr.pacman.ga.PacManGeneForBehaviourTree\T1/ptm/m/n/10 . 
 []

[1{/var/lib/texmf/fonts/map/pdftex/updmap/pdftex.map}


 <./BehaviourTreeSketch.png>]
<evolutionOfAverageFitness_5_percent_mutation_probability.png, id=15, 773.89125
pt x 616.3025pt>
File: evolutionOfAverageFitness_5_percent_mutation_probability.png Graphic file
 (type png)

<use evolutionOfAverageFitness_5_percent_mutation_probability.png>
Package pdftex.def Info: evolutionOfAverageFitness_5_percent_mutation_probabili
ty.png used on input line 112.
(pdftex.def)             Requested size: 246.11633pt x 195.9983pt.

<evolutionOfAverageFitness_12dot5_percent_mutation_probability.png, id=16, 773.
89125pt x 532.99126pt>
File: evolutionOfAverageFitness_12dot5_percent_mutation_probability.png Graphic
 file (type png)

<use evolutionOfAverageFitness_12dot5_percent_mutation_probability.png>
Package pdftex.def Info: evolutionOfAverageFitness_12dot5_percent_mutation_prob
ability.png used on input line 115.
(pdftex.def)             Requested size: 246.11633pt x 169.50342pt.

Underfull \hbox (badness 1953) in paragraph at lines 126--127
[]\T1/ptm/m/n/10 In an at-tempt to ex-plore the ben-e-fits of pro-vid-ing
 []


Underfull \hbox (badness 10000) in paragraph at lines 126--127
\T1/ptm/m/n/10 Those new at-tributes are the booleans:
 []


Underfull \hbox (badness 10000) in paragraph at lines 126--127
\T1/pcr/m/n/10 lastDirectionSame\T1/ptm/m/n/10 , in-di-cat-ing whether
 []


Underfull \hbox (badness 10000) in paragraph at lines 126--127
\T1/ptm/m/n/10 Pac-Man is about to choose the same move
 []


Underfull \hbox (badness 10000) in paragraph at lines 126--127
\T1/ptm/m/n/10 as he did on the pre-vi-ous game tick;
 []


Overfull \hbox (14.38367pt too wide) in paragraph at lines 126--127
\T1/pcr/m/n/10 isClosestGhostMovingInSameDirectionAsPacman\T1/ptm/m/n/10 ,
 []


Underfull \hbox (badness 10000) in paragraph at lines 126--127
\T1/pcr/m/n/10 isClosestGhostEdible\T1/ptm/m/n/10 ; and the in-
 []


Underfull \hbox (badness 10000) in paragraph at lines 126--127
\T1/ptm/m/n/10 te-gers: \T1/pcr/m/n/10 distanceToClosestPill\T1/ptm/m/n/10 ,
 []


Underfull \hbox (badness 10000) in paragraph at lines 126--127
\T1/pcr/m/n/10 distanceToClosestPowerPill\T1/ptm/m/n/10 , and
 []


Underfull \hbox (badness 10000) in paragraph at lines 126--127
\T1/pcr/m/n/10 distanceToClosestGhost\T1/ptm/m/n/10 . The at-tributes are
 []


Underfull \hbox (badness 5652) in paragraph at lines 126--127
\T1/ptm/m/n/10 nor-mal-ized with the nor-mal-iza-tion meth-ods pro-vided
 []

[2 <./evolutionOfAverageFitness_5_percent_mutation_probability.png> <./evolutio
nOfAverageFitness_12dot5_percent_mutation_probability.png>]
Underfull \hbox (badness 10000) in paragraph at lines 185--186
[]\T1/ptm/m/n/10 The neu-ral net-work im-ple-men-ta-tion -
 []


Overfull \hbox (5.88367pt too wide) in paragraph at lines 185--186
\T1/pcr/m/n/10 bjrr.pacman.ann.feedforwardbackpropagation
 []


Underfull \hbox (badness 10000) in paragraph at lines 187--188
\T1/pcr/m/n/10 .FeedforwardBackpropagationPacmanTraining
 []


Overfull \hbox (14.38367pt too wide) in paragraph at lines 187--188
\T1/pcr/m/n/10 .FeedforwardBackpropagationPacmancontroller\T1/ptm/m/n/10 . 
 []

<ANNsketch.png, id=22, 563.706pt x 357.7365pt>
File: ANNsketch.png Graphic file (type png)
 <use ANNsketch.png>
Package pdftex.def Info: ANNsketch.png used on input line 197.
(pdftex.def)             Requested size: 246.11633pt x 156.18727pt.

<ANNimplementationSketch.png, id=23, 595.5048pt x 492.1587pt>
File: ANNimplementationSketch.png Graphic file (type png)

<use ANNimplementationSketch.png>
Package pdftex.def Info: ANNimplementationSketch.png used on input line 204.
(pdftex.def)             Requested size: 246.11633pt x 203.40096pt.

<ANNtraining__inputSet1__decreasingLearningRate__hiddenNeuronsTwoThirdsOfInput.
png, id=24, 832.10875pt x 351.3125pt>
File: ANNtraining__inputSet1__decreasingLearningRate__hiddenNeuronsTwoThirdsOfI
nput.png Graphic file (type png)

<use ANNtraining__inputSet1__decreasingLearningRate__hiddenNeuronsTwoThirdsOfIn
put.png>
Package pdftex.def Info: ANNtraining__inputSet1__decreasingLearningRate__hidden
NeuronsTwoThirdsOfInput.png used on input line 214.
(pdftex.def)             Requested size: 246.11633pt x 103.90967pt.

<ANNtraining__inputSet1__fixedLearningRate__hiddenNeuronsLessThanTwiceInputSet.
png, id=25, 756.8275pt x 351.3125pt>
File: ANNtraining__inputSet1__fixedLearningRate__hiddenNeuronsLessThanTwiceInpu
tSet.png Graphic file (type png)

<use ANNtraining__inputSet1__fixedLearningRate__hiddenNeuronsLessThanTwiceInput
Set.png>
Package pdftex.def Info: ANNtraining__inputSet1__fixedLearningRate__hiddenNeuro
nsLessThanTwiceInputSet.png used on input line 217.
(pdftex.def)             Requested size: 246.11633pt x 114.24489pt.

<ANNtraining__inputSet1__fixedLearningRate__hiddenNeuronsTwoThirdsOfInput.png, 
id=26, 832.10875pt x 351.3125pt>
File: ANNtraining__inputSet1__fixedLearningRate__hiddenNeuronsTwoThirdsOfInput.
png Graphic file (type png)

<use ANNtraining__inputSet1__fixedLearningRate__hiddenNeuronsTwoThirdsOfInput.p
ng>
Package pdftex.def Info: ANNtraining__inputSet1__fixedLearningRate__hiddenNeuro
nsTwoThirdsOfInput.png used on input line 220.
(pdftex.def)             Requested size: 246.11633pt x 103.90967pt.

<ANNtraining__inputSet2__decreasingLearningRate__hiddenNeuronsLessThanTwiceInpu
tSet.png, id=27, 832.10875pt x 351.3125pt>
File: ANNtraining__inputSet2__decreasingLearningRate__hiddenNeuronsLessThanTwic
eInputSet.png Graphic file (type png)

<use ANNtraining__inputSet2__decreasingLearningRate__hiddenNeuronsLessThanTwice
InputSet.png>
Package pdftex.def Info: ANNtraining__inputSet2__decreasingLearningRate__hidden
NeuronsLessThanTwiceInputSet.png used on input line 223.
(pdftex.def)             Requested size: 246.11633pt x 103.90967pt.

<ANNtraining__inputSet2__decreasingLearningRate__hiddenNeuronsTwoThirdsOfInput.
png, id=28, 832.10875pt x 351.3125pt>
File: ANNtraining__inputSet2__decreasingLearningRate__hiddenNeuronsTwoThirdsOfI
nput.png Graphic file (type png)

<use ANNtraining__inputSet2__decreasingLearningRate__hiddenNeuronsTwoThirdsOfIn
put.png>
Package pdftex.def Info: ANNtraining__inputSet2__decreasingLearningRate__hidden
NeuronsTwoThirdsOfInput.png used on input line 226.
(pdftex.def)             Requested size: 246.11633pt x 103.90967pt.

<ANNtraining__inputSet2__fixedLearningRate__hiddenNeuronsLessThanTwiceInputSet.
png, id=29, 832.10875pt x 351.3125pt>
File: ANNtraining__inputSet2__fixedLearningRate__hiddenNeuronsLessThanTwiceInpu
tSet.png Graphic file (type png)

<use ANNtraining__inputSet2__fixedLearningRate__hiddenNeuronsLessThanTwiceInput
Set.png>
Package pdftex.def Info: ANNtraining__inputSet2__fixedLearningRate__hiddenNeuro
nsLessThanTwiceInputSet.png used on input line 229.
(pdftex.def)             Requested size: 246.11633pt x 103.90967pt.

Underfull \hbox (badness 2635) in paragraph at lines 242--243
\T1/ptm/m/n/10 in a Ms Pac-Man con-troller - \T1/pcr/m/n/10 bjrr.pacman.mcts\T1
/ptm/m/n/10 .
 []


Underfull \hbox (badness 10000) in paragraph at lines 242--243
\T1/ptm/m/n/10 for se-lec-tion (\T1/pcr/m/n/10 TreePolicy\T1/ptm/m/n/10 ), ex-p
an-sion (\T1/pcr/m/n/10 Expand\T1/ptm/m/n/10 ),
 []


Underfull \hbox (badness 10000) in paragraph at lines 242--243
\T1/ptm/m/n/10 play-outs / sim-u-la-tion (\T1/pcr/m/n/10 DefaultPolicy \T1/ptm/
m/n/10 or
 []


Underfull \hbox (badness 3128) in paragraph at lines 242--243
\T1/ptm/m/n/10 vs Ghosts League frame-work meth-ods to ob-tain the
 []

[3]
Underfull \hbox (badness 10000) in paragraph at lines 244--246
\T1/pcr/m/n/10 while( System.currentTimeMillis() + 1 <
 []

[4 <./ANNsketch.png> <./ANNimplementationSketch.png> <./ANNtraining__inputSet1_
_decreasingLearningRate__hiddenNeuronsTwoThirdsOfInput.png> <./ANNtraining__inp
utSet1__fixedLearningRate__hiddenNeuronsLessThanTwiceInputSet.png> <./ANNtraini
ng__inputSet1__fixedLearningRate__hiddenNeuronsTwoThirdsOfInput.png> <./ANNtrai
ning__inputSet2__decreasingLearningRate__hiddenNeuronsLessThanTwiceInputSet.png
> <./ANNtraining__inputSet2__decreasingLearningRate__hiddenNeuronsTwoThirdsOfIn
put.png> <./ANNtraining__inputSet2__fixedLearningRate__hiddenNeuronsLessThanTwi
ceInputSet.png>]
<MCTSforPacMan__DefaultPolicy__iterationLimitTrials.png, id=44, 800.9925pt x 56
1.09625pt>
File: MCTSforPacMan__DefaultPolicy__iterationLimitTrials.png Graphic file (type
 png)
 <use MCTSforPacMan__DefaultPolicy__iterationLimitTrials.png>
Package pdftex.def Info: MCTSforPacMan__DefaultPolicy__iterationLimitTrials.png
 used on input line 270.
(pdftex.def)             Requested size: 246.11633pt x 172.4055pt.

<MCTSforPacMan__GeneticControllerSimulation__iterationLimitTrials.png, id=45, 8
00.9925pt x 561.09625pt>
File: MCTSforPacMan__GeneticControllerSimulation__iterationLimitTrials.png Grap
hic file (type png)

<use MCTSforPacMan__GeneticControllerSimulation__iterationLimitTrials.png>
Package pdftex.def Info: MCTSforPacMan__GeneticControllerSimulation__iterationL
imitTrials.png used on input line 273.
(pdftex.def)             Requested size: 246.11633pt x 172.4055pt.

(./ModernAI__Report_on_Individual_Assignment.bbl)

** Conference Paper **
Before submitting the final camera ready copy, remember to:

 1. Manually equalize the lengths of two columns on the last page
 of your paper;

 2. Ensure that any PostScript and/or PDF output post-processing
 uses only Type 1 fonts and that every step in the generation
 process uses the US letter (8.5in X 11in) paper size.

[5 <./MCTSforPacMan__DefaultPolicy__iterationLimitTrials.png> <./MCTSforPacMan_
_GeneticControllerSimulation__iterationLimitTrials.png>]
(./ModernAI__Report_on_Individual_Assignment.aux) ) 
Here is how much of TeX's memory you used:
 3257 strings out of 494985
 48401 string characters out of 6180355
 107710 words of memory out of 5000000
 6409 multiletter control sequences out of 15000+600000
 111099 words of font info for 112 fonts, out of 8000000 for 9000
 40 hyphenation exceptions out of 8191
 38i,8n,23p,1112b,308s stack positions out of 5000i,500n,10000p,200000b,80000s
{/usr/share/texlive/texmf-di
st/fonts/enc/dvips/base/8r.enc}</usr/share/texlive/texmf-dist/fonts/type1/publi
c/amsfonts/cm/cmsy7.pfb></usr/share/texlive/texmf-dist/fonts/type1/urw/courier/
ucrr8a.pfb></usr/share/texlive/texmf-dist/fonts/type1/urw/times/utmb8a.pfb></us
r/share/texlive/texmf-dist/fonts/type1/urw/times/utmbi8a.pfb></usr/share/texliv
e/texmf-dist/fonts/type1/urw/times/utmr8a.pfb></usr/share/texlive/texmf-dist/fo
nts/type1/urw/times/utmri8a.pfb>
Output written on ModernAI__Report_on_Individual_Assignment.pdf (5 pages, 63480
8 bytes).
PDF statistics:
 72 PDF objects out of 1000 (max. 8388607)
 32 compressed objects within 1 object stream
 0 named destinations out of 1000 (max. 500000)
 66 words of extra memory for PDF output out of 10000 (max. 10000000)

